  Game.cpp
d:\c++ projects\voxelengine\voxelengine\src\graphics/Material.h(14): warning C4091: 'static ': ignored on left of 'Material::Types' when no variable is declared
C:\Program Files (x86)\Windows Kits\8.1\Include\shared\minwindef.h(130): warning C4005: 'APIENTRY': macro redefinition
  D:\C++ Projects\VoxelEngine\Dependencies\GLFW\include\GLFW/glfw3.h(85): note: see previous definition of 'APIENTRY'
src\Game.cpp(76): warning C4244: 'argument': conversion from 'int' to 'float', possible loss of data
src\Game.cpp(93): warning C4244: 'argument': conversion from 'int' to 'float', possible loss of data
src\Game.cpp(169): warning C4018: '<': signed/unsigned mismatch
  GameRender.cpp
d:\c++ projects\voxelengine\voxelengine\src\graphics/Material.h(14): warning C4091: 'static ': ignored on left of 'Material::Types' when no variable is declared
C:\Program Files (x86)\Windows Kits\8.1\Include\shared\minwindef.h(130): warning C4005: 'APIENTRY': macro redefinition
  D:\C++ Projects\VoxelEngine\Dependencies\GLFW\include\GLFW/glfw3.h(85): note: see previous definition of 'APIENTRY'
  GameUpdate.cpp
d:\c++ projects\voxelengine\voxelengine\src\graphics/Material.h(14): warning C4091: 'static ': ignored on left of 'Material::Types' when no variable is declared
C:\Program Files (x86)\Windows Kits\8.1\Include\shared\minwindef.h(130): warning C4005: 'APIENTRY': macro redefinition
  D:\C++ Projects\VoxelEngine\Dependencies\GLFW\include\GLFW/glfw3.h(85): note: see previous definition of 'APIENTRY'
src\GameUpdate.cpp(9): warning C4244: 'initializing': conversion from 'GLdouble' to 'GLfloat', possible loss of data
  Main.cpp
d:\c++ projects\voxelengine\voxelengine\src\graphics/Material.h(14): warning C4091: 'static ': ignored on left of 'Material::Types' when no variable is declared
C:\Program Files (x86)\Windows Kits\8.1\Include\shared\minwindef.h(130): warning C4005: 'APIENTRY': macro redefinition
  D:\C++ Projects\VoxelEngine\Dependencies\GLFW\include\GLFW/glfw3.h(85): note: see previous definition of 'APIENTRY'
  Material.cpp
d:\c++ projects\voxelengine\voxelengine\src\graphics\Material.h(14): warning C4091: 'static ': ignored on left of 'Material::Types' when no variable is declared
  GreedyMesher.cpp
  BlurPass.cpp
d:\c++ projects\voxelengine\voxelengine\src\graphics/Material.h(14): warning C4091: 'static ': ignored on left of 'Material::Types' when no variable is declared
C:\Program Files (x86)\Windows Kits\8.1\Include\shared\minwindef.h(130): warning C4005: 'APIENTRY': macro redefinition
  D:\C++ Projects\VoxelEngine\Dependencies\GLFW\include\GLFW/glfw3.h(85): note: see previous definition of 'APIENTRY'
  DirectionalLightPass.cpp
d:\c++ projects\voxelengine\voxelengine\src\graphics\passes\../Material.h(14): warning C4091: 'static ': ignored on left of 'Material::Types' when no variable is declared
C:\Program Files (x86)\Windows Kits\8.1\Include\shared\minwindef.h(130): warning C4005: 'APIENTRY': macro redefinition
  D:\C++ Projects\VoxelEngine\Dependencies\GLFW\include\GLFW/glfw3.h(85): note: see previous definition of 'APIENTRY'
  GeometryPass.cpp
d:\c++ projects\voxelengine\voxelengine\src\graphics/Material.h(14): warning C4091: 'static ': ignored on left of 'Material::Types' when no variable is declared
C:\Program Files (x86)\Windows Kits\8.1\Include\shared\minwindef.h(130): warning C4005: 'APIENTRY': macro redefinition
  D:\C++ Projects\VoxelEngine\Dependencies\GLFW\include\GLFW/glfw3.h(85): note: see previous definition of 'APIENTRY'
src\graphics\passes\GeometryPass.cpp(81): warning C4018: '<': signed/unsigned mismatch
  HDRPass.cpp
d:\c++ projects\voxelengine\voxelengine\src\graphics/Material.h(14): warning C4091: 'static ': ignored on left of 'Material::Types' when no variable is declared
C:\Program Files (x86)\Windows Kits\8.1\Include\shared\minwindef.h(130): warning C4005: 'APIENTRY': macro redefinition
  D:\C++ Projects\VoxelEngine\Dependencies\GLFW\include\GLFW/glfw3.h(85): note: see previous definition of 'APIENTRY'
  PointLightPass.cpp
d:\c++ projects\voxelengine\voxelengine\src\graphics\passes\../Material.h(14): warning C4091: 'static ': ignored on left of 'Material::Types' when no variable is declared
C:\Program Files (x86)\Windows Kits\8.1\Include\shared\minwindef.h(130): warning C4005: 'APIENTRY': macro redefinition
  D:\C++ Projects\VoxelEngine\Dependencies\GLFW\include\GLFW/glfw3.h(85): note: see previous definition of 'APIENTRY'
  SSAOPass.cpp
d:\c++ projects\voxelengine\voxelengine\src\graphics/Material.h(14): warning C4091: 'static ': ignored on left of 'Material::Types' when no variable is declared
C:\Program Files (x86)\Windows Kits\8.1\Include\shared\minwindef.h(130): warning C4005: 'APIENTRY': macro redefinition
  D:\C++ Projects\VoxelEngine\Dependencies\GLFW\include\GLFW/glfw3.h(85): note: see previous definition of 'APIENTRY'
LINK : warning LNK4098: defaultlib 'LIBCMT' conflicts with use of other libs; use /NODEFAULTLIB:library
  Generating code
  14 of 1792 functions ( 0.8%) were compiled, the rest were copied from previous compilation.
    1 functions were new in current compilation
    54 functions had inline decision re-evaluated but remain unchanged
  Finished generating code
glew32s.lib(glew.obj) : warning LNK4099: PDB 'vc120.pdb' was not found with 'glew32s.lib(glew.obj)' or at 'D:\C++ Projects\VoxelEngine\bin\Release\vc120.pdb'; linking object as if no debug info
  VoxelEngine.vcxproj -> D:\C++ Projects\VoxelEngine\bin\Release\VoxelEngine.exe
  VoxelEngine.vcxproj -> D:\C++ Projects\VoxelEngine\bin\Release\VoxelEngine.pdb (Full PDB)
