c:\users\charles sun\programming\cpp\voxelengine\bin\debug\intermediates\vc141.pdb
c:\users\charles sun\programming\cpp\voxelengine\bin\debug\intermediates\vc141.idb
c:\users\charles sun\programming\cpp\voxelengine\bin\debug\intermediates\texture1d.obj
c:\users\charles sun\programming\cpp\voxelengine\bin\debug\intermediates\sampler.obj
c:\users\charles sun\programming\cpp\voxelengine\bin\debug\intermediates\ssaopass.obj
c:\users\charles sun\programming\cpp\voxelengine\bin\debug\intermediates\bloompass.obj
c:\users\charles sun\programming\cpp\voxelengine\bin\debug\intermediates\pointlightpass.obj
c:\users\charles sun\programming\cpp\voxelengine\bin\debug\intermediates\meshfactory.obj
c:\users\charles sun\programming\cpp\voxelengine\bin\debug\intermediates\mesh.obj
c:\users\charles sun\programming\cpp\voxelengine\bin\debug\intermediates\greedymesher.obj
c:\users\charles sun\programming\cpp\voxelengine\bin\debug\intermediates\material.obj
c:\users\charles sun\programming\cpp\voxelengine\bin\debug\intermediates\hdrpass.obj
c:\users\charles sun\programming\cpp\voxelengine\bin\debug\intermediates\geometrypass.obj
c:\users\charles sun\programming\cpp\voxelengine\bin\debug\intermediates\directionallightpass.obj
c:\users\charles sun\programming\cpp\voxelengine\bin\debug\intermediates\camera.obj
c:\users\charles sun\programming\cpp\voxelengine\bin\debug\intermediates\uniformbuffer.obj
c:\users\charles sun\programming\cpp\voxelengine\bin\debug\intermediates\framebuffer.obj
c:\users\charles sun\programming\cpp\voxelengine\bin\debug\intermediates\framebuffers.obj
c:\users\charles sun\programming\cpp\voxelengine\bin\debug\intermediates\basicpostprocessingpass.obj
c:\users\charles sun\programming\cpp\voxelengine\bin\debug\intermediates\gameupdate.obj
c:\users\charles sun\programming\cpp\voxelengine\bin\debug\intermediates\gamerender.obj
c:\users\charles sun\programming\cpp\voxelengine\bin\debug\intermediates\game.obj
c:\users\charles sun\programming\cpp\voxelengine\bin\debug\intermediates\chunkmanager.obj
c:\users\charles sun\programming\cpp\voxelengine\bin\debug\intermediates\chunk.obj
c:\users\charles sun\programming\cpp\voxelengine\bin\debug\intermediates\tinythread.obj
c:\users\charles sun\programming\cpp\voxelengine\bin\debug\intermediates\vec4.obj
c:\users\charles sun\programming\cpp\voxelengine\bin\debug\intermediates\vec3.obj
c:\users\charles sun\programming\cpp\voxelengine\bin\debug\intermediates\vec2.obj
c:\users\charles sun\programming\cpp\voxelengine\bin\debug\intermediates\mat4.obj
c:\users\charles sun\programming\cpp\voxelengine\bin\debug\intermediates\window.obj
c:\users\charles sun\programming\cpp\voxelengine\bin\debug\intermediates\indexbuffer.obj
c:\users\charles sun\programming\cpp\voxelengine\bin\debug\intermediates\vertexbuffer.obj
c:\users\charles sun\programming\cpp\voxelengine\bin\debug\intermediates\vertexarray.obj
c:\users\charles sun\programming\cpp\voxelengine\bin\debug\intermediates\glsl.obj
c:\users\charles sun\programming\cpp\voxelengine\bin\debug\intermediates\main.obj
c:\users\charles sun\programming\cpp\voxelengine\bin\debug\intermediates\texture2d.obj
c:\users\charles sun\programming\cpp\voxelengine\bin\debug\openglengine.ilk
c:\users\charles sun\programming\cpp\voxelengine\bin\debug\openglengine.exe
c:\users\charles sun\programming\cpp\voxelengine\bin\debug\openglengine.pdb
c:\users\charles sun\programming\cpp\openglengine\bin\debug\intermediates\basicpostprocessingpass.obj
c:\users\charles sun\programming\cpp\openglengine\bin\debug\intermediates\bloompass.obj
c:\users\charles sun\programming\cpp\openglengine\bin\debug\intermediates\blurpass.obj
c:\users\charles sun\programming\cpp\openglengine\bin\debug\intermediates\boxblurpass.obj
c:\users\charles sun\programming\cpp\openglengine\bin\debug\intermediates\camera.obj
c:\users\charles sun\programming\cpp\openglengine\bin\debug\intermediates\chunk.obj
c:\users\charles sun\programming\cpp\openglengine\bin\debug\intermediates\chunkmanager.obj
c:\users\charles sun\programming\cpp\openglengine\bin\debug\intermediates\directionallightpass.obj
c:\users\charles sun\programming\cpp\openglengine\bin\debug\intermediates\framebuffer.obj
c:\users\charles sun\programming\cpp\openglengine\bin\debug\intermediates\framebuffers.obj
c:\users\charles sun\programming\cpp\openglengine\bin\debug\intermediates\game.obj
c:\users\charles sun\programming\cpp\openglengine\bin\debug\intermediates\gamerender.obj
c:\users\charles sun\programming\cpp\openglengine\bin\debug\intermediates\gameupdate.obj
c:\users\charles sun\programming\cpp\openglengine\bin\debug\intermediates\geometrypass.obj
c:\users\charles sun\programming\cpp\openglengine\bin\debug\intermediates\glsl.obj
c:\users\charles sun\programming\cpp\openglengine\bin\debug\intermediates\greedymesher.obj
c:\users\charles sun\programming\cpp\openglengine\bin\debug\intermediates\hdrpass.obj
c:\users\charles sun\programming\cpp\openglengine\bin\debug\intermediates\indexbuffer.obj
c:\users\charles sun\programming\cpp\openglengine\bin\debug\intermediates\main.obj
c:\users\charles sun\programming\cpp\openglengine\bin\debug\intermediates\mat4.obj
c:\users\charles sun\programming\cpp\openglengine\bin\debug\intermediates\material.obj
c:\users\charles sun\programming\cpp\openglengine\bin\debug\intermediates\mesh.obj
c:\users\charles sun\programming\cpp\openglengine\bin\debug\intermediates\meshfactory.obj
c:\users\charles sun\programming\cpp\openglengine\bin\debug\intermediates\pointlightpass.obj
c:\users\charles sun\programming\cpp\openglengine\bin\debug\intermediates\sampler.obj
c:\users\charles sun\programming\cpp\openglengine\bin\debug\intermediates\ssaopass.obj
c:\users\charles sun\programming\cpp\openglengine\bin\debug\intermediates\texture1d.obj
c:\users\charles sun\programming\cpp\openglengine\bin\debug\intermediates\texture2d.obj
c:\users\charles sun\programming\cpp\openglengine\bin\debug\intermediates\tinythread.obj
c:\users\charles sun\programming\cpp\openglengine\bin\debug\intermediates\uniformbuffer.obj
c:\users\charles sun\programming\cpp\openglengine\bin\debug\intermediates\vec2.obj
c:\users\charles sun\programming\cpp\openglengine\bin\debug\intermediates\vec3.obj
c:\users\charles sun\programming\cpp\openglengine\bin\debug\intermediates\vec4.obj
c:\users\charles sun\programming\cpp\openglengine\bin\debug\intermediates\vertexarray.obj
c:\users\charles sun\programming\cpp\openglengine\bin\debug\intermediates\vertexbuffer.obj
c:\users\charles sun\programming\cpp\openglengine\bin\debug\intermediates\window.obj
c:\users\charles sun\programming\cpp\openglengine\bin\debug\intermediates\vc140.idb
c:\users\charles sun\programming\cpp\openglengine\bin\debug\intermediates\vc141.idb
c:\users\charles sun\programming\cpp\openglengine\bin\debug\intermediates\vc140.pdb
c:\users\charles sun\programming\cpp\openglengine\bin\debug\intermediates\vc141.pdb
c:\users\charles sun\programming\cpp\openglengine\bin\debug\openglengine.pdb
c:\users\charles sun\programming\cpp\openglengine\bin\debug\openglengine.exe
c:\users\charles sun\programming\cpp\openglengine\bin\debug\openglengine.ilk
c:\users\charles sun\programming\cpp\openglengine\bin\debug\intermediates\openglengine.tlog\cl.command.1.tlog
c:\users\charles sun\programming\cpp\openglengine\bin\debug\intermediates\openglengine.tlog\cl.read.1.tlog
c:\users\charles sun\programming\cpp\openglengine\bin\debug\intermediates\openglengine.tlog\cl.write.1.tlog
c:\users\charles sun\programming\cpp\openglengine\bin\debug\intermediates\openglengine.tlog\link.command.1.tlog
c:\users\charles sun\programming\cpp\openglengine\bin\debug\intermediates\openglengine.tlog\link.read.1.tlog
c:\users\charles sun\programming\cpp\openglengine\bin\debug\intermediates\openglengine.tlog\link.write.1.tlog
