d:\c++ projects\voxelengine\bin\debug\intermediates\vc140.pdb
d:\c++ projects\voxelengine\bin\debug\intermediates\vc140.idb
d:\c++ projects\voxelengine\bin\debug\intermediates\main.obj
d:\c++ projects\voxelengine\bin\debug\intermediates\batchrenderer2d.obj
d:\c++ projects\voxelengine\bin\debug\intermediates\vao.obj
d:\c++ projects\voxelengine\bin\debug\intermediates\vbo.obj
d:\c++ projects\voxelengine\bin\debug\intermediates\ibo.obj
d:\c++ projects\voxelengine\bin\debug\intermediates\layer.obj
d:\c++ projects\voxelengine\bin\debug\intermediates\tilelayer.obj
d:\c++ projects\voxelengine\bin\debug\intermediates\simplerenderer2d.obj
d:\c++ projects\voxelengine\bin\debug\intermediates\shader.obj
d:\c++ projects\voxelengine\bin\debug\intermediates\sprite.obj
d:\c++ projects\voxelengine\bin\debug\intermediates\staticsprite.obj
d:\c++ projects\voxelengine\bin\debug\intermediates\window.obj
d:\c++ projects\voxelengine\bin\debug\intermediates\mat4.obj
d:\c++ projects\voxelengine\bin\debug\intermediates\vec2.obj
d:\c++ projects\voxelengine\bin\debug\intermediates\vec3.obj
d:\c++ projects\voxelengine\bin\debug\intermediates\vec4.obj
d:\c++ projects\voxelengine\bin\debug\intermediates\game.obj
d:\c++ projects\voxelengine\bin\debug\intermediates\input.obj
d:\c++ projects\voxelengine\bin\debug\intermediates\glsl.obj
d:\c++ projects\voxelengine\bin\debug\intermediates\tinythread.obj
d:\c++ projects\voxelengine\bin\debug\intermediates\gamerender.obj
d:\c++ projects\voxelengine\bin\debug\intermediates\gameupdate.obj
d:\c++ projects\voxelengine\bin\debug\intermediates\framebuffer.obj
d:\c++ projects\voxelengine\bin\debug\intermediates\vertexarray.obj
d:\c++ projects\voxelengine\bin\debug\intermediates\vertexbuffer.obj
d:\c++ projects\voxelengine\bin\debug\intermediates\indexbuffer.obj
d:\c++ projects\voxelengine\bin\debug\intermediates\camera.obj
d:\c++ projects\voxelengine\bin\debug\intermediates\mesh.obj
d:\c++ projects\voxelengine\bin\debug\intermediates\geometrypass.obj
d:\c++ projects\voxelengine\bin\debug\intermediates\meshfactory.obj
d:\c++ projects\voxelengine\bin\debug\intermediates\uniformbuffer.obj
d:\c++ projects\voxelengine\bin\debug\intermediates\directionallightpass.obj
d:\c++ projects\voxelengine\bin\debug\intermediates\pointlightpass.obj
d:\c++ projects\voxelengine\bin\debug\intermediates\hdrpass.obj
d:\c++ projects\voxelengine\bin\debug\intermediates\chunk.obj
d:\c++ projects\voxelengine\bin\debug\intermediates\chunkmanager.obj
d:\c++ projects\voxelengine\bin\debug\intermediates\greedymesher.obj
d:\c++ projects\voxelengine\bin\debug\intermediates\ssaopass.obj
d:\c++ projects\voxelengine\bin\debug\intermediates\blurpass.obj
d:\c++ projects\voxelengine\bin\debug\intermediates\material.obj
d:\c++ projects\voxelengine\bin\debug\intermediates\texture2d.obj
d:\c++ projects\voxelengine\bin\debug\intermediates\sampler.obj
d:\c++ projects\voxelengine\bin\debug\intermediates\framebuffers.obj
d:\c++ projects\voxelengine\bin\debug\intermediates\texture1d.obj
d:\c++ projects\voxelengine\bin\debug\voxelengine.ilk
d:\c++ projects\voxelengine\bin\debug\voxelengine.exe
d:\c++ projects\voxelengine\bin\debug\voxelengine.pdb
d:\c++ projects\voxelengine\bin\debug\intermediates\voxelengine.tlog\cl.command.1.tlog
d:\c++ projects\voxelengine\bin\debug\intermediates\voxelengine.tlog\cl.read.1.tlog
d:\c++ projects\voxelengine\bin\debug\intermediates\voxelengine.tlog\cl.write.1.tlog
d:\c++ projects\voxelengine\bin\debug\intermediates\voxelengine.tlog\link.command.1.tlog
d:\c++ projects\voxelengine\bin\debug\intermediates\voxelengine.tlog\link.read.1.tlog
d:\c++ projects\voxelengine\bin\debug\intermediates\voxelengine.tlog\link.write.1.tlog
